ModuleCmd_Use.c(132):WARN:53: Cannot close file '/root/.modulesbeginenv'
ModuleCmd_Use.c(132):WARN:53: Cannot close file '/root/.modulesbeginenv'
utility.c(859):WARN:53: Cannot close file '¸c6'
Info) VMD for LINUX, version 1.8.6 (April 6, 2007)
Info) http://www.ks.uiuc.edu/Research/vmd/                         
Info) Email questions and bug reports to vmd@ks.uiuc.edu           
Info) Please include this reference in published work using VMD:   
Info)    Humphrey, W., Dalke, A. and Schulten, K., `VMD - Visual   
Info)    Molecular Dynamics', J. Molec. Graphics 1996, 14.1, 33-38.
Info) -------------------------------------------------------------
Info) Multithreading available, 4 CPUs detected.
Info) Free system memory: 1519MB (75%)
../AQP_cw_pope_wi.psf
../AQP4_zero.dcd
3
3.5
30
psfplugin) Detected a Charmm31 PSF file
Info) Using plugin psf for structure file ../AQP_cw_pope_wi.psf
Info) Analyzing structure ...
Info)    Atoms: 85701
Info)    Bonds: 70440
Info)    Residues: 16325
Info)    Waters: 15104
Info)    Segments: 63
Info)    Fragments: 15437   Protein: 4   Nucleic: 0
0
atomselect0
atomselect1
atomselect2
atomselect3
file4
dcdplugin) detected standard 32-bit DCD file of native endianness
dcdplugin) CHARMM format DCD file (also NAMD 2.1 and later)
Info) Using plugin dcd for coordinates from file ../AQP4_zero.dcd
vmd > 100 7 8 7 8
200 7 7 7 7
300 6 7 6 8
400 7 6 8 8
500 7 8 7 7
600 7 8 8 8
700 7 8 8 8
800 6 9 6 7
900 8 8 8 7
1000 9 8 6 7
1100 7 7 9 7
1200 7 10 9 6
1300 7 8 9 8
1400 8 7 8 7
1500 7 9 7 6
1600 5 9 10 6
1700 7 9 10 7
1800 7 8 7 8
1900 6 9 6 7
2000 7 9 9 7
2100 7 8 8 7
2200 6 9 10 6
2300 8 7 7 6
2400 7 7 10 7
2500 7 9 10 7
2600 7 9 9 7
2700 7 8 10 7
2800 9 6 9 7
2900 8 9 9 6
3000 9 9 8 7
3100 8 10 9 7
3200 5 7 7 7
3300 6 8 7 8
3400 8 9 8 7
3500 7 9 8 7
3600 7 9 6 6
3700 9 8 8 7
3800 7 7 6 7
3900 7 10 9 5
4000 5 9 7 6
4100 10 10 10 6
4200 8 9 8 7
4300 7 9 7 7
4400 4 9 8 8
4500 5 8 8 7
4600 8 8 7 7
4700 7 8 8 9
4800 7 9 7 8
4900 9 7 6 7
5000 7 8 9 6
5100 7 9 6 8
5200 8 7 6 7
5300 7 8 5 7
5400 7 9 9 7
5500 8 9 6 7
5600 8 8 6 8
5700 9 11 7 7
5800 6 9 7 7
5900 6 8 7 7
6000 8 9 8 7
6100 9 6 7 6
6200 8 6 7 6
6300 9 8 6 7
6400 8 7 6 8
6500 8 7 9 6
6600 9 8 8 7
6700 8 10 8 8
6800 8 9 7 8
6900 9 10 7 8
7000 8 9 7 8
7100 9 7 7 8
7200 9 9 7 9
7300 8 7 9 10
7400 8 9 7 9
7500 8 8 8 8
7600 8 9 7 7
7700 7 10 7 7
7800 8 7 7 9
7900 7 8 7 8
8000 7 8 8 8
8100 8 8 6 9
8200 6 10 7 9
8300 6 10 6 9
8400 5 8 7 11
8500 6 7 10 11
8600 7 9 8 7
8700 6 8 5 6
8800 7 8 8 8
8900 6 6 8 6
9000 8 9 6 6
9100 9 7 7 7
9200 7 9 7 10
9300 7 9 6 9
9400 8 7 9 7
9500 7 7 7 7
9600 8 7 7 7
9700 7 10 8 7
9800 7 10 8 8
9900 9 8 10 8
10000 7 8 10 8
10100 8 8 6 6
10200 10 8 9 6
10300 7 6 8 7
10400 7 9 10 6
10500 8 7 9 8
10600 9 9 8 7
10700 9 10 8 6
10800 7 10 7 7
10900 6 8 7 7
11000 7 8 10 7
11100 7 7 9 8
11200 6 8 9 6
11300 8 11 8 7
11400 9 11 7 7
11500 8 7 7 7
11600 6 9 7 8
11700 8 9 8 7
11800 7 9 7 6
11900 6 8 5 7
12000 7 6 7 7
12100 7 8 7 5
12200 8 9 8 6
12300 9 7 8 7
12400 7 10 6 7
12500 8 8 8 7
12600 6 8 7 8
12700 5 8 7 7
12800 6 7 8 8
12900 5 7 7 7
13000 5 8 6 8
13100 5 5 9 8
13200 7 7 9 9
13300 7 7 10 6
13400 7 8 9 7
13500 6 9 7 9
13600 6 10 7 8
13700 6 8 8 8
13800 7 8 8 8
13900 7 7 6 8
14000 6 9 6 6
14100 6 10 7 7
14200 5 7 8 7
14300 6 7 8 8
14400 5 7 8 7
14500 5 6 7 7
14600 6 7 7 8
14700 6 8 8 6
14800 6 9 7 8
14900 6 7 9 8
15000 7 7 8 7
15100 7 8 10 7
15200 8 9 9 8
15300 9 8 7 8
15400 8 7 8 8
15500 6 7 6 7
15600 4 10 7 8
15700 4 7 7 7
15800 4 9 8 8
15900 4 8 8 7
16000 4 10 5 8
16100 4 8 8 7
16200 4 7 10 7
16300 3 8 6 8
16400 3 10 8 7
16500 2 9 5 7
16600 4 11 8 7
16700 4 11 8 7
16800 4 10 8 7
16900 4 11 7 8
17000 3 7 8 8
17100 3 9 7 8
17200 3 10 9 7
17300 4 9 9 9
17400 4 8 8 11
17500 4 8 7 8
17600 4 6 8 9
17700 4 7 7 7
17800 4 7 7 7
17900 4 7 8 7
18000 4 6 8 7
18100 3 6 7 7
18200 3 5 9 7
18300 3 7 8 7
18400 3 4 8 8
18500 4 5 9 8
18600 4 4 7 8
18700 4 4 6 7
18800 4 4 8 7
18900 4 4 7 6
19000 4 4 9 7
19100 4 4 5 6
19200 3 5 8 7
19300 4 4 7 9
19400 4 4 9 8
19500 4 5 8 6
19600 4 4 8 6
19700 4 4 6 7
19800 4 4 8 8
19900 4 4 10 9
20000 5 3 6 7
20100 5 3 7 8
20200 6 3 8 8
20300 5 4 7 8
20400 6 4 8 6
20500 7 5 7 8
20600 4 5 7 7
20700 6 5 8 6
20800 6 5 9 8
20900 4 4 7 8
21000 5 4 8 7
21100 6 4 6 10
21200 6 4 7 7
21300 5 3 7 8
21400 5 4 9 8
21500 6 5 10 9
21600 5 5 10 7
21700 6 3 8 7
21800 5 5 8 6
21900 6 5 7 7
22000 6 5 7 7
22100 7 4 8 8
22200 9 5 9 7
22300 6 5 8 7
22400 5 5 7 7
22500 6 5 8 7
22600 5 5 7 8
22700 5 5 8 7
22800 6 5 8 7
22900 6 3 6 7
23000 6 4 6 8
23100 6 4 5 6
23200 5 4 9 6
23300 6 5 8 6
23400 6 6 8 7
23500 6 6 7 7
23600 6 5 8 7
23700 6 5 8 7
23800 4 5 7 8
23900 5 5 7 8
24000 5 5 8 7
24100 5 4 8 7
24200 5 4 7 7
24300 6 5 8 7
24400 6 5 9 5
24500 5 5 8 7
24600 6 4 8 7
24700 6 6 8 7
24800 6 6 8 7
24900 6 5 7 7
25000 5 6 8 7
25100 6 7 8 7
25200 5 6 9 8
25300 5 6 8 7
25400 4 8 9 7
25500 4 7 8 5
25600 5 6 10 5
25700 4 4 10 7
25800 4 6 9 7
25900 4 4 9 7
26000 4 4 8 7
26100 5 5 9 5
26200 3 5 7 6
26300 4 4 7 8
26400 4 4 6 8
26500 4 4 9 7
26600 4 4 6 7
26700 4 4 7 7
26800 4 4 9 7
26900 4 4 7 7
27000 5 4 9 8
27100 5 5 7 7
27200 4 4 9 8
27300 4 4 7 6
27400 5 4 8 8
27500 5 5 7 7
27600 5 5 8 8
27700 6 7 6 9
27800 5 5 7 7
27900 7 5 8 5
28000 5 6 7 5
28100 5 6 7 8
28200 5 3 5 7
28300 5 3 7 7
28400 5 4 8 7
28500 5 6 7 8
28600 5 6 7 8
28700 5 5 7 6
28800 5 4 9 5
28900 5 4 8 6
29000 5 4 6 7
29100 6 5 8 8
29200 6 5 9 6
29300 6 5 8 7
29400 7 6 11 8
29500 6 5 8 6
29600 6 5 10 7
29700 5 6 8 6
29800 6 5 8 9
29900 7 6 10 7
30000 7 6 9 9
30100 6 6 10 6
30200 5 5 8 8
30300 5 7 8 7
30400 6 6 8 7
30500 5 6 9 7
30600 5 5 10 7
30700 5 7 8 8
30800 6 6 9 10
30900 3 5 8 8
31000 5 5 9 6
31100 5 6 8 7
31200 5 6 8 8
31300 5 6 7 7
31400 6 5 9 7
31500 5 6 8 6
31600 5 6 8 8
31700 4 6 8 6
31800 5 6 8 8
31900 3 5 7 8
32000 5 4 7 8
32100 5 4 8 9
32200 5 5 9 8
32300 4 4 7 8
32400 3 4 8 7
32500 5 4 8 7
32600 4 4 7 6
32700 4 4 9 7
32800 4 4 7 9
32900 4 3 8 7
33000 4 4 8 7
33100 4 4 7 6
33200 4 4 6 7
33300 4 4 6 7
33400 2 4 8 6
33500 5 4 8 7
33600 5 4 5 8
33700 5 4 7 7
33800 4 5 9 7
33900 5 5 7 8
34000 4 5 7 7
34100 4 5 7 7
34200 4 5 7 7
34300 4 4 7 7
34400 4 5 8 7
34500 4 5 6 8
34600 4 4 6 5
34700 4 4 7 6
34800 4 4 6 8
34900 4 4 7 9
35000 4 5 7 8
35100 4 5 9 10
35200 5 4 8 10
35300 5 4 7 8
35400 4 3 8 8
35500 4 3 7 8
35600 4 4 9 7
35700 4 4 7 8
35800 4 4 8 7
35900 4 5 8 7
36000 4 4 8 5
36100 4 5 8 8
36200 4 5 9 7
36300 5 5 8 7
36400 4 5 8 7
36500 4 4 8 8
36600 4 4 6 6
36700 4 4 7 7
36800 4 4 7 7
36900 4 3 8 6
37000 4 4 7 7
37100 4 4 7 7
37200 5 4 8 5
37300 3 4 8 5
37400 4 4 6 6
37500 3 4 7 5
37600 3 6 9 5
37700 5 5 8 6
37800 4 6 10 5
37900 4 5 9 7
38000 4 4 8 6
38100 4 4 7 7
38200 4 4 8 7
38300 4 4 6 7
38400 4 4 9 7
38500 4 4 7 7
38600 4 4 6 8
38700 4 4 8 4
38800 4 3 6 5
38900 4 4 7 5
39000 5 4 9 7
39100 4 4 8 6
39200 8 4 7 8
39300 7 4 9 8
39400 6 4 7 6
39500 5 4 7 5
39600 4 4 7 5
39700 5 4 6 5
39800 5 3 6 4
39900 3 4 7 5
40000 4 4 6 4
40100 6 4 7 4
40200 6 4 8 3
40300 6 5 7 4
40400 6 5 8 5
40500 6 4 6 4
40600 8 4 6 5
40700 6 3 8 4
40800 7 3 7 5
40900 6 3 7 5
41000 9 3 7 4
41100 7 4 7 5
41200 7 4 5 4
41300 9 4 8 4
41400 9 4 7 4
41500 7 4 5 4
41600 7 5 6 4
41700 8 5 9 5
41800 7 5 7 5
41900 8 5 7 3
42000 7 5 7 4
42100 6 5 10 4
42200 7 6 7 4
42300 8 4 7 4
42400 7 4 7 4
42500 9 4 9 4
42600 6 4 7 4
42700 6 4 7 4
42800 5 5 7 4
42900 6 5 7 4
43000 6 5 7 4
43100 4 5 7 4
43200 4 4 7 5
43300 4 4 8 5
43400 4 4 8 4
43500 5 4 6 5
43600 5 4 7 5
43700 4 4 6 5
43800 4 4 9 5
43900 3 5 8 4
44000 3 4 9 5
44100 3 5 8 4
44200 4 5 7 4
44300 3 6 7 4
44400 3 6 6 4
44500 3 5 7 4
44600 3 6 8 4
44700 3 5 8 4
44800 4 5 7 5
44900 4 5 7 4
45000 4 4 8 4
45100 4 4 7 4
45200 4 4 9 4
45300 3 3 9 4
45400 4 5 10 5
45500 4 3 9 4
45600 4 4 10 4
45700 4 4 8 4
45800 4 4 10 5
45900 4 4 9 5
46000 4 3 8 4
46100 4 2 8 4
46200 4 3 7 4
46300 4 4 8 3
46400 5 4 8 5
46500 3 4 9 3
46600 3 4 9 5
46700 5 5 6 5
46800 5 5 9 5
46900 4 4 8 5
47000 4 4 9 4
47100 5 4 7 5
47200 4 4 9 5
47300 4 4 8 5
47400 3 4 8 5
47500 4 3 8 5
47600 4 4 7 6
47700 4 5 7 6
47800 4 4 8 4
47900 4 4 6 6
48000 4 4 7 5
48100 4 4 6 5
48200 4 4 7 5
48300 4 5 9 7
48400 4 4 8 5
48500 4 4 8 6
48600 4 4 9 6
48700 4 4 8 4
48800 4 4 7 6
48900 4 5 7 6
49000 5 4 8 8
49100 5 4 8 5
49200 5 4 8 5
49300 3 5 6 6
49400 4 4 7 5
49500 4 5 7 5
49600 4 4 10 5
49700 4 5 7 4
49800 4 5 5 4
49900 4 5 8 4
50000 4 5 9 4
50100 4 4 8 4
50200 4 3 7 4
50300 5 4 7 4
50400 4 4 6 4
50500 5 4 7 5
50600 4 4 6 5
50700 5 4 7 5
50800 3 5 8 3
50900 4 4 9 3
51000 4 4 9 4
51100 4 4 7 4
51200 5 5 7 3
51300 4 4 8 5
51400 4 4 8 6
51500 3 4 11 5
51600 4 4 9 4
51700 4 4 10 3
51800 5 4 9 4
51900 4 4 9 5
52000 4 4 10 5
52100 4 4 8 5
52200 4 4 10 4
52300 5 4 8 4
52400 3 3 10 4
52500 4 4 10 4
52600 4 4 9 4
52700 4 4 9 4
52800 4 4 7 4
52900 4 4 5 5
53000 4 4 7 4
53100 5 4 7 4
53200 5 4 7 4
53300 5 4 8 4
53400 6 4 8 4
53500 4 4 7 4
53600 6 5 6 4
53700 3 5 7 4
53800 4 4 8 3
53900 6 4 8 4
54000 5 5 7 2
54100 5 5 5 4
54200 4 5 8 4
54300 4 5 8 4
54400 5 4 10 4
54500 3 3 7 4
54600 2 4 8 4
54700 4 3 9 5
54800 5 4 8 4
54900 4 5 10 4
55000 6 6 8 4
55100 5 5 7 4
55200 5 5 10 4
55300 4 5 7 4
55400 4 6 8 4
55500 5 6 8 4
55600 4 4 7 4
55700 5 5 8 3
55800 4 5 7 3
55900 4 4 9 5
56000 3 4 11 4
56100 4 4 11 5
56200 5 3 9 4
56300 4 7 11 4
56400 5 7 9 4
56500 5 8 8 4
56600 5 8 8 4
56700 4 9 8 4
56800 4 7 7 4
56900 6 5 10 3
57000 6 5 8 4
57100 5 5 9 5
57200 5 5 7 5
57300 4 5 8 5
57400 4 4 8 4
57500 4 8 8 5
57600 4 6 8 6
57700 4 6 8 5
57800 4 4 9 6
57900 4 4 8 5
58000 4 4 9 5
58100 4 4 11 5
58200 4 5 11 5
58300 4 4 11 5
58400 4 4 10 4
58500 5 4 10 4
58600 5 4 10 3
58700 5 4 9 5
58800 4 4 11 4
58900 5 4 9 4
59000 5 4 9 4
59100 4 3 9 4
59200 4 3 7 5
59300 5 4 8 4
59400 4 4 7 5
59500 4 4 9 4
59600 4 4 8 5
59700 4 2 7 4
59800 5 4 10 4
59900 4 5 8 4
60000 5 4 9 4
60100 5 4 8 4
60200 4 5 7 4
60300 5 4 8 4
60400 4 5 7 4
60500 5 4 8 4
60600 4 5 6 4
60700 4 4 8 4
60800 4 6 8 4
60900 4 5 6 3
61000 4 5 6 4
61100 4 5 6 4
61200 4 4 6 4
61300 4 4 8 4
61400 4 4 6 4
61500 3 3 6 4
61600 5 3 8 4
61700 4 4 7 4
61800 5 4 5 4
61900 3 5 8 4
62000 5 5 7 4
62100 6 5 8 4
62200 5 5 8 4
62300 5 4 8 4
62400 4 3 7 3
62500 4 4 7 4
62600 5 5 8 5
62700 5 4 7 4
62800 4 4 9 4
62900 5 4 6 4
63000 5 4 7 4
63100 6 5 8 4
63200 7 4 9 4
63300 5 4 8 4
63400 5 4 7 4
63500 4 3 8 4
63600 4 4 9 5
63700 5 4 9 4
63800 4 4 7 4
63900 5 3 7 5
64000 4 3 6 5
64100 4 4 6 4
64200 4 4 6 4
64300 4 4 9 5
64400 4 4 8 6
64500 3 4 5 5
64600 3 5 9 6
64700 3 5 9 5
64800 3 7 11 6
64900 3 5 9 5
65000 5 5 9 6
65100 4 5 8 5
65200 4 4 8 5
65300 4 6 9 5
65400 4 6 8 5
65500 4 4 10 5
65600 4 4 9 7
65700 5 4 8 6
65800 6 3 6 7
65900 4 5 6 6
66000 4 4 7 6
66100 4 5 5 5
66200 4 5 6 5
66300 4 5 6 5
66400 7 5 8 6
66500 6 5 8 5
66600 6 5 7 5
66700 4 4 9 6
66800 4 5 7 4
66900 3 4 7 6
67000 4 4 9 6
67100 5 5 8 6
67200 4 6 6 6
67300 6 6 8 7
67400 4 7 8 5
67500 6 6 9 6
67600 4 7 8 5
67700 4 3 7 6
67800 4 5 7 6
67900 4 5 6 6
68000 5 4 5 5
68100 5 5 6 6
68200 4 5 5 5
68300 6 3 3 5
68400 5 4 4 9
68500 5 4 4 6
68600 6 4 4 5
68700 5 4 3 5
68800 4 4 4 5
68900 6 4 4 5
69000 4 4 4 5
69100 3 4 4 6
69200 4 4 4 7
69300 5 5 4 5
69400 4 6 4 5
69500 5 4 4 5
69600 3 3 2 5
69700 4 3 5 6
69800 5 6 5 3
69900 4 4 5 4
70000 5 3 5 4
70100 5 4 5 3
70200 5 3 5 1
70300 5 2 5 4
70400 5 3 4 4
70500 5 3 5 4
70600 5 3 5 5
70700 5 3 7 4
70800 4 3 5 5
70900 5 3 6 4
71000 5 4 6 4
71100 5 4 6 3
71200 5 4 5 4
71300 6 4 5 4
71400 5 5 6 3
71500 5 4 5 4
71600 5 5 5 5
71700 5 5 6 6
71800 4 5 4 5
71900 5 4 4 5
72000 3 4 4 5
72100 4 4 4 5
72200 4 4 4 4
72300 4 4 4 5
72400 5 4 3 4
72500 5 4 5 4
72600 5 6 5 5
72700 5 6 5 4
72800 4 6 5 4
72900 3 5 4 4
73000 4 5 7 4
73100 5 5 7 5
73200 5 4 7 5
73300 4 4 5 4
73400 4 4 7 4
73500 5 5 5 4
73600 5 5 5 4
73700 5 5 4 4
73800 5 5 4 4
73900 6 4 6 4
74000 5 4 5 4
74100 4 4 5 3
74200 4 4 5 4
74300 4 5 5 5
74400 4 5 5 6
74500 4 4 6 6
74600 4 4 6 8
74700 4 4 5 6
74800 4 4 3 6
74900 4 6 6 6
75000 5 5 5 6
75100 4 4 5 5
75200 4 4 4 6
75300 4 4 3 6
75400 5 4 3 6
75500 4 6 5 6
75600 4 5 5 6
75700 4 5 5 5
75800 6 4 5 6
75900 6 4 4 6
76000 4 6 5 5
76100 7 5 5 5
76200 6 4 6 4
76300 5 4 5 4
76400 5 5 5 4
76500 5 5 5 3
76600 4 5 6 3
76700 6 6 6 4
76800 4 5 5 4
76900 7 7 6 4
77000 5 9 5 4
77100 6 7 5 4
77200 6 7 6 4
77300 5 8 5 4
77400 5 8 4 5
77500 6 6 5 4
77600 5 8 4 4
77700 5 7 5 4
77800 5 7 4 4
77900 4 8 6 4
78000 4 8 5 4
78100 4 8 3 5
78200 3 6 6 5
78300 4 6 7 5
78400 4 6 4 6
78500 2 6 5 6
78600 3 6 6 6
78700 4 6 4 4
78800 4 4 6 3
78900 3 6 8 3
79000 4 6 8 3
79100 4 6 6 4
79200 4 6 4 3
79300 4 6 4 4
79400 5 5 5 5
79500 5 7 5 4
79600 4 6 5 4
79700 4 5 6 3
79800 5 6 5 4
79900 4 5 5 4
80000 5 6 5 4
80100 7 5 5 3
80200 7 6 5 4
80300 7 5 6 4
80400 7 6 6 4
80500 7 7 6 4
80600 6 8 5 7
80700 5 8 6 6
80800 5 7 6 6
80900 4 6 5 5
81000 4 6 5 6
81100 4 6 5 6
81200 7 5 5 5
81300 6 5 4 6
81400 8 5 4 7
81500 7 5 4 7
81600 7 5 4 7
81700 7 5 4 5
81800 7 5 4 4
81900 6 8 3 6
82000 5 7 4 6
82100 5 7 4 6
82200 7 7 4 5
82300 8 8 6 5
82400 4 5 5 7
82500 6 6 4 6
82600 7 6 5 6
82700 6 7 5 6
82800 7 6 5 7
82900 8 5 5 8
83000 8 5 5 3
83100 8 4 4 4
83200 7 4 4 4
83300 7 5 4 6
83400 6 4 4 5
83500 7 4 3 3
83600 6 4 4 4
83700 6 4 4 5
83800 6 4 4 5
83900 7 4 4 4
84000 6 4 4 5
84100 4 5 5 7
84200 4 5 5 6
84300 4 6 5 7
84400 4 6 4 6
84500 4 5 3 8
84600 4 6 4 8
84700 5 6 4 8
84800 6 6 5 5
84900 5 7 4 5
85000 4 6 4 5
85100 4 6 4 4
85200 4 6 4 4
85300 3 6 4 4
85400 5 6 4 4
85500 3 7 4 4
85600 3 6 4 5
85700 3 7 4 4
85800 4 6 4 5
85900 3 5 4 9
86000 4 6 4 7
86100 4 6 4 7
86200 4 5 4 7
86300 4 5 4 4
86400 5 5 4 5
86500 5 5 3 4
86600 5 6 4 4
86700 5 5 3 5
86800 5 6 3 5
86900 5 5 5 4
87000 6 4 5 3
87100 5 4 5 5
87200 4 5 5 5
87300 7 4 5 5
87400 8 6 3 6
87500 6 5 5 6
87600 7 5 5 6
87700 6 7 4 7
87800 6 7 5 6
87900 6 6 4 5
88000 8 5 4 4
88100 6 6 4 5
88200 4 4 4 4
88300 6 5 4 2
88400 5 3 4 5
88500 4 6 4 5
88600 6 4 4 5
88700 5 5 5 5
88800 4 5 5 5
88900 4 5 5 5
89000 4 4 4 5
89100 4 5 4 8
89200 5 5 4 5
89300 4 5 3 8
89400 5 5 4 7
89500 5 5 4 6
89600 5 4 4 7
89700 5 5 4 4
89800 4 5 4 4
89900 4 5 4 4
90000 4 4 4 6
90100 5 4 4 4
90200 5 4 4 6
90300 7 4 3 5
90400 5 4 4 4
90500 6 4 4 4
90600 5 3 5 5
90700 4 5 4 4
90800 6 4 5 5
90900 4 4 4 5
91000 4 4 2 5
91100 4 2 4 4
91200 4 5 5 4
91300 4 4 4 4
91400 4 4 4 5
91500 4 4 4 4
91600 4 4 4 4
91700 4 3 4 5
91800 4 5 4 4
91900 4 4 4 5
92000 5 3 4 4
92100 4 4 4 4
92200 4 4 6 5
92300 4 4 6 4
92400 4 5 5 4
92500 6 5 4 4
92600 7 4 4 4
92700 6 4 4 4
92800 7 4 4 4
92900 10 4 4 4
93000 9 5 4 4
93100 9 4 5 3
93200 8 4 5 5
93300 7 4 5 5
93400 6 3 5 5
93500 5 4 5 5
93600 4 5 3 4
93700 6 4 4 4
93800 4 4 5 4
93900 4 4 4 4
94000 4 4 3 4
94100 4 4 5 4
94200 4 4 5 4
94300 5 4 5 4
94400 4 4 4 5
94500 5 4 4 3
94600 4 3 5 4
94700 3 5 5 4
94800 3 5 5 4
94900 3 4 4 4
95000 3 5 4 4
95100 3 3 4 3
95200 3 5 4 4
95300 4 4 3 4
95400 5 5 4 4
95500 5 4 4 4
95600 6 5 4 4
95700 5 4 3 4
95800 6 5 4 4
95900 5 4 4 4
96000 5 4 3 4
96100 6 4 4 5
96200 5 4 4 5
96300 6 4 4 8
96400 5 6 4 7
96500 5 5 4 7
96600 5 5 4 5
96700 5 4 4 4
96800 4 5 4 6
96900 4 4 4 5
97000 4 4 4 5
97100 5 4 4 5
97200 4 4 5 5
97300 4 5 3 4
97400 4 6 4 5
97500 4 3 4 6
97600 4 5 4 5
97700 4 5 5 5
97800 5 5 4 8
97900 5 5 4 9
98000 5 6 5 8
98100 4 5 3 9
98200 4 7 4 9
98300 4 7 4 9
98400 4 5 4 8
98500 4 4 4 8
98600 3 4 5 6
98700 4 5 4 5
98800 4 4 4 3
98900 3 4 3 5
99000 3 4 4 4
99100 4 4 4 4
99200 3 5 4 5
99300 3 4 5 4
99400 3 4 4 4
99500 3 4 6 4
99600 4 4 6 4
99700 5 4 5 3
99800 4 4 5 4
99900 5 3 4 2
100000 4 4 5 5
100100 4 4 4 5
100200 4 4 4 6
100300 4 5 4 6
100400 4 4 4 8
100500 4 4 4 7
100600 3 4 4 8
100700 2 4 5 7
100800 4 4 4 7
Info) Finished with coordinate file ../AQP4_zero.dcd.
bigdcd_done
Terminated
